<?xml version="1.0" encoding="UTF-8"?>
<!-- Generated by org.testng.reporters.JUnitReportReporter -->
<testsuite hostname="DESKTOP-LP3SET9" failures="0" tests="1" name="merchantProductAction.GetProduct" time="6.587" errors="0" timestamp="2023-04-19T21:32:18 IST" skipped="0">
  <testcase classname="merchantProductAction.GetProduct" name="getProductTest" time="6.587"/>
  <system-out/>
</testsuite> <!-- merchantProductAction.GetProduct -->
