<?xml version="1.0" encoding="UTF-8"?>
<!-- Generated by org.testng.reporters.JUnitReportReporter -->
<testsuite hostname="DESKTOP-LP3SET9" failures="0" tests="1" name="merchantProductAction.MerchantDetails" time="6.039" errors="0" timestamp="2023-04-19T21:25:56 IST" skipped="0">
  <testcase classname="merchantProductAction.MerchantDetails" name="MerchantDetailsTest" time="6.039"/>
  <system-out/>
</testsuite> <!-- merchantProductAction.MerchantDetails -->
