<?xml version="1.0" encoding="UTF-8"?>
<!-- Generated by org.testng.reporters.JUnitReportReporter -->
<testsuite hostname="DESKTOP-LP3SET9" failures="0" tests="1" name="merchantProductAction.PostProductsTest" time="5.224" errors="0" timestamp="2023-04-19T21:30:47 IST" skipped="0">
  <testcase classname="merchantProductAction.PostProductsTest" name="postProductsTest" time="5.224"/>
  <system-out/>
</testsuite> <!-- merchantProductAction.PostProductsTest -->
