<?xml version="1.0" encoding="UTF-8"?>
<!-- Generated by org.testng.reporters.JUnitReportReporter -->
<testsuite hostname="DESKTOP-LP3SET9" failures="0" tests="1" name="merchantProductAction.UpdateProjectTest" time="9.364" errors="0" timestamp="2023-04-19T21:34:52 IST" skipped="0">
  <testcase classname="merchantProductAction.UpdateProjectTest" name="updateProjectTest" time="9.364"/>
  <system-out/>
</testsuite> <!-- merchantProductAction.UpdateProjectTest -->
