<?xml version="1.0" encoding="UTF-8"?>
<!-- Generated by org.testng.reporters.JUnitReportReporter -->
<testsuite hostname="DESKTOP-LP3SET9" failures="0" tests="1" name="merchantProductAction.GetSingleProduct" time="5.233" errors="0" timestamp="2023-04-19T21:27:56 IST" skipped="0">
  <testcase classname="merchantProductAction.GetSingleProduct" name="GetSingleProduct" time="5.233"/>
  <system-out/>
</testsuite> <!-- merchantProductAction.GetSingleProduct -->
